2021-05-23 12:46:49,332 [Worker-0: Loading available Gradle versions] INFO  o.e.b.c.i.u.g.PublishedGradleVersions - Gradle version information cache is up-to-date. Trying to read.
2021-05-23 12:47:15,599 [Worker-8: Creating project "homework"] INFO  o.e.m.c.i.l.LifecycleMappingFactory - Using org.eclipse.m2e.jdt.JarLifecycleMapping lifecycle mapping for MavenProject: homework:homework:0.0.1-SNAPSHOT @ C:\Users\Hasan\Desktop\homework\pom.xml.
2021-05-23 12:47:15,990 [Worker-8: Creating project "homework"] INFO  o.e.m.j.i.AbstractJavaProjectConfigurator - Adding source folder /homework/src/main/java
2021-05-23 12:47:15,993 [Worker-8: Creating project "homework"] INFO  o.e.m.j.i.AbstractJavaProjectConfigurator - Adding resource folder /homework/src/main/resources
2021-05-23 12:47:15,994 [Worker-8: Creating project "homework"] INFO  o.e.m.j.i.AbstractJavaProjectConfigurator - Adding source folder /homework/src/test/java
2021-05-23 12:47:15,994 [Worker-8: Creating project "homework"] INFO  o.e.m.j.i.AbstractJavaProjectConfigurator - Adding resource folder /homework/src/test/resources
2021-05-23 12:47:16,608 [Worker-27: Building] WARN  o.e.m.c.i.embedder.EclipseLogger - Using platform encoding (Cp1252 actually) to copy filtered resources, i.e. build is platform dependent!
2021-05-23 12:47:16,614 [Worker-27: Building] INFO  o.e.m.c.i.embedder.EclipseLogger - Copying 0 resource
2021-05-23 12:47:16,616 [Worker-27: Building] WARN  o.e.m.c.i.embedder.EclipseLogger - Using platform encoding (Cp1252 actually) to copy filtered resources, i.e. build is platform dependent!
2021-05-23 12:47:16,617 [Worker-27: Building] INFO  o.e.m.c.i.embedder.EclipseLogger - Copying 0 resource
2021-05-23 12:59:32,759 [Worker-32: Building] WARN  o.e.m.c.i.embedder.EclipseLogger - Using platform encoding (Cp1252 actually) to copy filtered resources, i.e. build is platform dependent!
2021-05-23 12:59:32,766 [Worker-32: Building] INFO  o.e.m.c.i.embedder.EclipseLogger - Copying 0 resource
2021-05-23 12:59:32,766 [Worker-32: Building] WARN  o.e.m.c.i.embedder.EclipseLogger - Using platform encoding (Cp1252 actually) to copy filtered resources, i.e. build is platform dependent!
2021-05-23 12:59:32,767 [Worker-32: Building] INFO  o.e.m.c.i.embedder.EclipseLogger - Copying 0 resource
2021-05-23 13:00:01,091 [Worker-32: Building] WARN  o.e.m.c.i.embedder.EclipseLogger - Using platform encoding (Cp1252 actually) to copy filtered resources, i.e. build is platform dependent!
2021-05-23 13:00:01,092 [Worker-32: Building] INFO  o.e.m.c.i.embedder.EclipseLogger - Copying 0 resource
2021-05-23 13:00:01,094 [Worker-32: Building] WARN  o.e.m.c.i.embedder.EclipseLogger - Using platform encoding (Cp1252 actually) to copy filtered resources, i.e. build is platform dependent!
2021-05-23 13:00:01,095 [Worker-32: Building] INFO  o.e.m.c.i.embedder.EclipseLogger - Copying 0 resource
2021-05-23 13:00:02,162 [Worker-31: Building] WARN  o.e.m.c.i.embedder.EclipseLogger - Using platform encoding (Cp1252 actually) to copy filtered resources, i.e. build is platform dependent!
2021-05-23 13:00:02,165 [Worker-31: Building] INFO  o.e.m.c.i.embedder.EclipseLogger - Copying 0 resource
2021-05-23 13:00:02,167 [Worker-31: Building] WARN  o.e.m.c.i.embedder.EclipseLogger - Using platform encoding (Cp1252 actually) to copy filtered resources, i.e. build is platform dependent!
2021-05-23 13:00:02,170 [Worker-31: Building] INFO  o.e.m.c.i.embedder.EclipseLogger - Copying 0 resource
2021-05-23 13:02:15,972 [Worker-33: Launching FordFulkerson] WARN  o.e.m.c.i.embedder.EclipseLogger - Using platform encoding (Cp1252 actually) to copy filtered resources, i.e. build is platform dependent!
2021-05-23 13:02:15,974 [Worker-33: Launching FordFulkerson] INFO  o.e.m.c.i.embedder.EclipseLogger - Copying 0 resource
2021-05-23 13:02:15,975 [Worker-33: Launching FordFulkerson] WARN  o.e.m.c.i.embedder.EclipseLogger - Using platform encoding (Cp1252 actually) to copy filtered resources, i.e. build is platform dependent!
2021-05-23 13:02:15,976 [Worker-33: Launching FordFulkerson] INFO  o.e.m.c.i.embedder.EclipseLogger - Copying 0 resource
2021-05-23 13:27:04,667 [Worker-40: Building] WARN  o.e.m.c.i.embedder.EclipseLogger - Using platform encoding (Cp1252 actually) to copy filtered resources, i.e. build is platform dependent!
2021-05-23 13:27:04,669 [Worker-40: Building] INFO  o.e.m.c.i.embedder.EclipseLogger - Copying 0 resource
2021-05-23 13:27:04,670 [Worker-40: Building] WARN  o.e.m.c.i.embedder.EclipseLogger - Using platform encoding (Cp1252 actually) to copy filtered resources, i.e. build is platform dependent!
2021-05-23 13:27:04,671 [Worker-40: Building] INFO  o.e.m.c.i.embedder.EclipseLogger - Copying 0 resource
2021-05-23 13:44:23,876 [Worker-48: Launching FordFulkerson] WARN  o.e.m.c.i.embedder.EclipseLogger - Using platform encoding (Cp1252 actually) to copy filtered resources, i.e. build is platform dependent!
2021-05-23 13:44:23,878 [Worker-48: Launching FordFulkerson] INFO  o.e.m.c.i.embedder.EclipseLogger - Copying 0 resource
2021-05-23 13:44:23,879 [Worker-48: Launching FordFulkerson] WARN  o.e.m.c.i.embedder.EclipseLogger - Using platform encoding (Cp1252 actually) to copy filtered resources, i.e. build is platform dependent!
2021-05-23 13:44:23,880 [Worker-48: Launching FordFulkerson] INFO  o.e.m.c.i.embedder.EclipseLogger - Copying 0 resource
2021-05-23 13:59:34,169 [Worker-55: Launching FordFulkersonTest] WARN  o.e.m.c.i.embedder.EclipseLogger - Using platform encoding (Cp1252 actually) to copy filtered resources, i.e. build is platform dependent!
2021-05-23 13:59:34,170 [Worker-55: Launching FordFulkersonTest] INFO  o.e.m.c.i.embedder.EclipseLogger - Copying 0 resource
2021-05-23 13:59:34,171 [Worker-55: Launching FordFulkersonTest] WARN  o.e.m.c.i.embedder.EclipseLogger - Using platform encoding (Cp1252 actually) to copy filtered resources, i.e. build is platform dependent!
2021-05-23 13:59:34,172 [Worker-55: Launching FordFulkersonTest] INFO  o.e.m.c.i.embedder.EclipseLogger - Copying 0 resource
2021-05-24 11:42:49,403 [Worker-3: Loading available Gradle versions] INFO  o.e.b.c.i.u.g.PublishedGradleVersions - Gradle version information cache is up-to-date. Trying to read.
2021-05-24 11:59:33,151 [Worker-31: Building] WARN  o.e.m.c.i.embedder.EclipseLogger - Using platform encoding (Cp1252 actually) to copy filtered resources, i.e. build is platform dependent!
2021-05-24 11:59:33,154 [Worker-31: Building] INFO  o.e.m.c.i.embedder.EclipseLogger - Copying 0 resource
2021-05-24 11:59:33,156 [Worker-31: Building] WARN  o.e.m.c.i.embedder.EclipseLogger - Using platform encoding (Cp1252 actually) to copy filtered resources, i.e. build is platform dependent!
2021-05-24 11:59:33,157 [Worker-31: Building] INFO  o.e.m.c.i.embedder.EclipseLogger - Copying 0 resource
2021-05-24 12:14:25,203 [Worker-38: Building] WARN  o.e.m.c.i.embedder.EclipseLogger - Using platform encoding (Cp1252 actually) to copy filtered resources, i.e. build is platform dependent!
2021-05-24 12:14:25,206 [Worker-38: Building] INFO  o.e.m.c.i.embedder.EclipseLogger - Copying 0 resource
2021-05-24 12:14:25,207 [Worker-38: Building] WARN  o.e.m.c.i.embedder.EclipseLogger - Using platform encoding (Cp1252 actually) to copy filtered resources, i.e. build is platform dependent!
2021-05-24 12:14:25,209 [Worker-38: Building] INFO  o.e.m.c.i.embedder.EclipseLogger - Copying 0 resource
2021-05-24 12:17:44,906 [Worker-42: Building] WARN  o.e.m.c.i.embedder.EclipseLogger - Using platform encoding (Cp1252 actually) to copy filtered resources, i.e. build is platform dependent!
2021-05-24 12:17:44,907 [Worker-42: Building] INFO  o.e.m.c.i.embedder.EclipseLogger - Copying 0 resource
2021-05-24 12:17:44,907 [Worker-42: Building] WARN  o.e.m.c.i.embedder.EclipseLogger - Using platform encoding (Cp1252 actually) to copy filtered resources, i.e. build is platform dependent!
2021-05-24 12:17:44,908 [Worker-42: Building] INFO  o.e.m.c.i.embedder.EclipseLogger - Copying 0 resource
2021-05-24 12:18:01,469 [Worker-39: Building] WARN  o.e.m.c.i.embedder.EclipseLogger - Using platform encoding (Cp1252 actually) to copy filtered resources, i.e. build is platform dependent!
2021-05-24 12:18:01,470 [Worker-39: Building] INFO  o.e.m.c.i.embedder.EclipseLogger - Copying 0 resource
2021-05-24 12:18:01,470 [Worker-39: Building] WARN  o.e.m.c.i.embedder.EclipseLogger - Using platform encoding (Cp1252 actually) to copy filtered resources, i.e. build is platform dependent!
2021-05-24 12:18:01,471 [Worker-39: Building] INFO  o.e.m.c.i.embedder.EclipseLogger - Copying 0 resource
2021-05-24 12:18:24,518 [Worker-39: Building] WARN  o.e.m.c.i.embedder.EclipseLogger - Using platform encoding (Cp1252 actually) to copy filtered resources, i.e. build is platform dependent!
2021-05-24 12:18:24,519 [Worker-39: Building] INFO  o.e.m.c.i.embedder.EclipseLogger - Copying 0 resource
2021-05-24 12:18:24,520 [Worker-39: Building] WARN  o.e.m.c.i.embedder.EclipseLogger - Using platform encoding (Cp1252 actually) to copy filtered resources, i.e. build is platform dependent!
2021-05-24 12:18:24,522 [Worker-39: Building] INFO  o.e.m.c.i.embedder.EclipseLogger - Copying 0 resource
2021-05-24 12:30:33,376 [Worker-43: Launching EdmondsKarp] WARN  o.e.m.c.i.embedder.EclipseLogger - Using platform encoding (Cp1252 actually) to copy filtered resources, i.e. build is platform dependent!
2021-05-24 12:30:33,377 [Worker-43: Launching EdmondsKarp] INFO  o.e.m.c.i.embedder.EclipseLogger - Copying 0 resource
2021-05-24 12:30:33,378 [Worker-43: Launching EdmondsKarp] WARN  o.e.m.c.i.embedder.EclipseLogger - Using platform encoding (Cp1252 actually) to copy filtered resources, i.e. build is platform dependent!
2021-05-24 12:30:33,378 [Worker-43: Launching EdmondsKarp] INFO  o.e.m.c.i.embedder.EclipseLogger - Copying 0 resource
2021-05-24 13:05:01,675 [Worker-52: Launching EdmondsKarp] WARN  o.e.m.c.i.embedder.EclipseLogger - Using platform encoding (Cp1252 actually) to copy filtered resources, i.e. build is platform dependent!
2021-05-24 13:05:01,677 [Worker-52: Launching EdmondsKarp] INFO  o.e.m.c.i.embedder.EclipseLogger - Copying 0 resource
2021-05-24 13:05:01,678 [Worker-52: Launching EdmondsKarp] WARN  o.e.m.c.i.embedder.EclipseLogger - Using platform encoding (Cp1252 actually) to copy filtered resources, i.e. build is platform dependent!
2021-05-24 13:05:01,679 [Worker-52: Launching EdmondsKarp] INFO  o.e.m.c.i.embedder.EclipseLogger - Copying 0 resource
2021-05-24 13:21:10,245 [Worker-57: Building] WARN  o.e.m.c.i.embedder.EclipseLogger - Using platform encoding (Cp1252 actually) to copy filtered resources, i.e. build is platform dependent!
2021-05-24 13:21:10,246 [Worker-57: Building] INFO  o.e.m.c.i.embedder.EclipseLogger - Copying 0 resource
2021-05-24 13:21:10,247 [Worker-57: Building] WARN  o.e.m.c.i.embedder.EclipseLogger - Using platform encoding (Cp1252 actually) to copy filtered resources, i.e. build is platform dependent!
2021-05-24 13:21:10,248 [Worker-57: Building] INFO  o.e.m.c.i.embedder.EclipseLogger - Copying 0 resource
2021-05-24 13:27:04,170 [Worker-59: Building] WARN  o.e.m.c.i.embedder.EclipseLogger - Using platform encoding (Cp1252 actually) to copy filtered resources, i.e. build is platform dependent!
2021-05-24 13:27:04,171 [Worker-59: Building] INFO  o.e.m.c.i.embedder.EclipseLogger - Copying 0 resource
2021-05-24 13:27:04,172 [Worker-59: Building] WARN  o.e.m.c.i.embedder.EclipseLogger - Using platform encoding (Cp1252 actually) to copy filtered resources, i.e. build is platform dependent!
2021-05-24 13:27:04,174 [Worker-59: Building] INFO  o.e.m.c.i.embedder.EclipseLogger - Copying 0 resource
2021-05-24 13:27:23,622 [Worker-59: Building] WARN  o.e.m.c.i.embedder.EclipseLogger - Using platform encoding (Cp1252 actually) to copy filtered resources, i.e. build is platform dependent!
2021-05-24 13:27:23,623 [Worker-59: Building] INFO  o.e.m.c.i.embedder.EclipseLogger - Copying 0 resource
2021-05-24 13:27:23,624 [Worker-59: Building] WARN  o.e.m.c.i.embedder.EclipseLogger - Using platform encoding (Cp1252 actually) to copy filtered resources, i.e. build is platform dependent!
2021-05-24 13:27:23,625 [Worker-59: Building] INFO  o.e.m.c.i.embedder.EclipseLogger - Copying 0 resource
2021-05-24 13:39:22,541 [Worker-58: Launching FordFulkersonTest] WARN  o.e.m.c.i.embedder.EclipseLogger - Using platform encoding (Cp1252 actually) to copy filtered resources, i.e. build is platform dependent!
2021-05-24 13:39:22,542 [Worker-58: Launching FordFulkersonTest] INFO  o.e.m.c.i.embedder.EclipseLogger - Copying 0 resource
2021-05-24 13:39:22,543 [Worker-58: Launching FordFulkersonTest] WARN  o.e.m.c.i.embedder.EclipseLogger - Using platform encoding (Cp1252 actually) to copy filtered resources, i.e. build is platform dependent!
2021-05-24 13:39:22,544 [Worker-58: Launching FordFulkersonTest] INFO  o.e.m.c.i.embedder.EclipseLogger - Copying 0 resource
2021-05-24 13:52:37,086 [Worker-71: Launching Dinics] WARN  o.e.m.c.i.embedder.EclipseLogger - Using platform encoding (Cp1252 actually) to copy filtered resources, i.e. build is platform dependent!
2021-05-24 13:52:37,088 [Worker-71: Launching Dinics] INFO  o.e.m.c.i.embedder.EclipseLogger - Copying 0 resource
2021-05-24 13:52:37,089 [Worker-71: Launching Dinics] WARN  o.e.m.c.i.embedder.EclipseLogger - Using platform encoding (Cp1252 actually) to copy filtered resources, i.e. build is platform dependent!
2021-05-24 13:52:37,091 [Worker-71: Launching Dinics] INFO  o.e.m.c.i.embedder.EclipseLogger - Copying 0 resource
2021-05-24 14:17:56,313 [Worker-79: Building] WARN  o.e.m.c.i.embedder.EclipseLogger - Using platform encoding (Cp1252 actually) to copy filtered resources, i.e. build is platform dependent!
2021-05-24 14:17:56,314 [Worker-79: Building] INFO  o.e.m.c.i.embedder.EclipseLogger - Copying 0 resource
2021-05-24 14:17:56,316 [Worker-79: Building] WARN  o.e.m.c.i.embedder.EclipseLogger - Using platform encoding (Cp1252 actually) to copy filtered resources, i.e. build is platform dependent!
2021-05-24 14:17:56,316 [Worker-79: Building] INFO  o.e.m.c.i.embedder.EclipseLogger - Copying 0 resource
2021-05-24 14:19:02,355 [Worker-79: Building] WARN  o.e.m.c.i.embedder.EclipseLogger - Using platform encoding (Cp1252 actually) to copy filtered resources, i.e. build is platform dependent!
2021-05-24 14:19:02,356 [Worker-79: Building] INFO  o.e.m.c.i.embedder.EclipseLogger - Copying 0 resource
2021-05-24 14:19:02,357 [Worker-79: Building] WARN  o.e.m.c.i.embedder.EclipseLogger - Using platform encoding (Cp1252 actually) to copy filtered resources, i.e. build is platform dependent!
2021-05-24 14:19:02,358 [Worker-79: Building] INFO  o.e.m.c.i.embedder.EclipseLogger - Copying 0 resource
2021-05-24 14:19:15,012 [Worker-80: Building] WARN  o.e.m.c.i.embedder.EclipseLogger - Using platform encoding (Cp1252 actually) to copy filtered resources, i.e. build is platform dependent!
2021-05-24 14:19:15,013 [Worker-80: Building] INFO  o.e.m.c.i.embedder.EclipseLogger - Copying 0 resource
2021-05-24 14:19:15,014 [Worker-80: Building] WARN  o.e.m.c.i.embedder.EclipseLogger - Using platform encoding (Cp1252 actually) to copy filtered resources, i.e. build is platform dependent!
2021-05-24 14:19:15,015 [Worker-80: Building] INFO  o.e.m.c.i.embedder.EclipseLogger - Copying 0 resource
2021-05-24 14:19:24,497 [Worker-71: Launching QLearning] WARN  o.e.m.c.i.embedder.EclipseLogger - Using platform encoding (Cp1252 actually) to copy filtered resources, i.e. build is platform dependent!
2021-05-24 14:19:24,499 [Worker-71: Launching QLearning] INFO  o.e.m.c.i.embedder.EclipseLogger - Copying 0 resource
2021-05-24 14:19:24,500 [Worker-71: Launching QLearning] WARN  o.e.m.c.i.embedder.EclipseLogger - Using platform encoding (Cp1252 actually) to copy filtered resources, i.e. build is platform dependent!
2021-05-24 14:19:24,502 [Worker-71: Launching QLearning] INFO  o.e.m.c.i.embedder.EclipseLogger - Copying 0 resource
2021-05-24 14:22:03,276 [Worker-81: Launching QLearning] WARN  o.e.m.c.i.embedder.EclipseLogger - Using platform encoding (Cp1252 actually) to copy filtered resources, i.e. build is platform dependent!
2021-05-24 14:22:03,277 [Worker-81: Launching QLearning] INFO  o.e.m.c.i.embedder.EclipseLogger - Copying 0 resource
2021-05-24 14:22:03,279 [Worker-81: Launching QLearning] WARN  o.e.m.c.i.embedder.EclipseLogger - Using platform encoding (Cp1252 actually) to copy filtered resources, i.e. build is platform dependent!
2021-05-24 14:22:03,282 [Worker-81: Launching QLearning] INFO  o.e.m.c.i.embedder.EclipseLogger - Copying 0 resource
2021-05-24 20:48:19,334 [Worker-3: Loading available Gradle versions] INFO  o.e.b.c.i.u.g.PublishedGradleVersions - Gradle version information cache is out-of-date. Trying to update.
2021-05-25 18:11:39,053 [Worker-2: Loading available Gradle versions] INFO  o.e.b.c.i.u.g.PublishedGradleVersions - Gradle version information cache is up-to-date. Trying to read.
2021-05-25 18:22:54,681 [Worker-28: Launching DinicsTest] WARN  o.e.m.c.i.embedder.EclipseLogger - Using platform encoding (Cp1252 actually) to copy filtered resources, i.e. build is platform dependent!
2021-05-25 18:22:54,685 [Worker-28: Launching DinicsTest] INFO  o.e.m.c.i.embedder.EclipseLogger - Copying 0 resource
2021-05-25 18:22:54,688 [Worker-28: Launching DinicsTest] WARN  o.e.m.c.i.embedder.EclipseLogger - Using platform encoding (Cp1252 actually) to copy filtered resources, i.e. build is platform dependent!
2021-05-25 18:22:54,689 [Worker-28: Launching DinicsTest] INFO  o.e.m.c.i.embedder.EclipseLogger - Copying 0 resource
2021-05-25 18:34:52,144 [Worker-35: Launching EdmondsKarpTest] WARN  o.e.m.c.i.embedder.EclipseLogger - Using platform encoding (Cp1252 actually) to copy filtered resources, i.e. build is platform dependent!
2021-05-25 18:34:52,153 [Worker-35: Launching EdmondsKarpTest] INFO  o.e.m.c.i.embedder.EclipseLogger - Copying 0 resource
2021-05-25 18:34:52,155 [Worker-35: Launching EdmondsKarpTest] WARN  o.e.m.c.i.embedder.EclipseLogger - Using platform encoding (Cp1252 actually) to copy filtered resources, i.e. build is platform dependent!
2021-05-25 18:34:52,158 [Worker-35: Launching EdmondsKarpTest] INFO  o.e.m.c.i.embedder.EclipseLogger - Copying 0 resource
2021-05-25 18:35:23,218 [Worker-34: Launching EdmondsKarpTest] WARN  o.e.m.c.i.embedder.EclipseLogger - Using platform encoding (Cp1252 actually) to copy filtered resources, i.e. build is platform dependent!
2021-05-25 18:35:23,220 [Worker-34: Launching EdmondsKarpTest] INFO  o.e.m.c.i.embedder.EclipseLogger - Copying 0 resource
2021-05-25 18:35:23,221 [Worker-34: Launching EdmondsKarpTest] WARN  o.e.m.c.i.embedder.EclipseLogger - Using platform encoding (Cp1252 actually) to copy filtered resources, i.e. build is platform dependent!
2021-05-25 18:35:23,223 [Worker-34: Launching EdmondsKarpTest] INFO  o.e.m.c.i.embedder.EclipseLogger - Copying 0 resource
2021-05-25 18:35:37,453 [Worker-36: Launching EdmondsKarpTest] WARN  o.e.m.c.i.embedder.EclipseLogger - Using platform encoding (Cp1252 actually) to copy filtered resources, i.e. build is platform dependent!
2021-05-25 18:35:37,454 [Worker-36: Launching EdmondsKarpTest] INFO  o.e.m.c.i.embedder.EclipseLogger - Copying 0 resource
2021-05-25 18:35:37,455 [Worker-36: Launching EdmondsKarpTest] WARN  o.e.m.c.i.embedder.EclipseLogger - Using platform encoding (Cp1252 actually) to copy filtered resources, i.e. build is platform dependent!
2021-05-25 18:35:37,457 [Worker-36: Launching EdmondsKarpTest] INFO  o.e.m.c.i.embedder.EclipseLogger - Copying 0 resource
2021-05-25 18:35:58,732 [Worker-32: Launching EdmondsKarpTest] WARN  o.e.m.c.i.embedder.EclipseLogger - Using platform encoding (Cp1252 actually) to copy filtered resources, i.e. build is platform dependent!
2021-05-25 18:35:58,734 [Worker-32: Launching EdmondsKarpTest] INFO  o.e.m.c.i.embedder.EclipseLogger - Copying 0 resource
2021-05-25 18:35:58,735 [Worker-32: Launching EdmondsKarpTest] WARN  o.e.m.c.i.embedder.EclipseLogger - Using platform encoding (Cp1252 actually) to copy filtered resources, i.e. build is platform dependent!
2021-05-25 18:35:58,737 [Worker-32: Launching EdmondsKarpTest] INFO  o.e.m.c.i.embedder.EclipseLogger - Copying 0 resource
2021-05-25 18:57:29,049 [Worker-38: Launching QLearning] WARN  o.e.m.c.i.embedder.EclipseLogger - Using platform encoding (Cp1252 actually) to copy filtered resources, i.e. build is platform dependent!
2021-05-25 18:57:29,051 [Worker-38: Launching QLearning] INFO  o.e.m.c.i.embedder.EclipseLogger - Copying 0 resource
2021-05-25 18:57:29,053 [Worker-38: Launching QLearning] WARN  o.e.m.c.i.embedder.EclipseLogger - Using platform encoding (Cp1252 actually) to copy filtered resources, i.e. build is platform dependent!
2021-05-25 18:57:29,054 [Worker-38: Launching QLearning] INFO  o.e.m.c.i.embedder.EclipseLogger - Copying 0 resource
2021-05-25 18:59:41,608 [Worker-42: Launching DinicsTest] WARN  o.e.m.c.i.embedder.EclipseLogger - Using platform encoding (Cp1252 actually) to copy filtered resources, i.e. build is platform dependent!
2021-05-25 18:59:41,610 [Worker-42: Launching DinicsTest] INFO  o.e.m.c.i.embedder.EclipseLogger - Copying 0 resource
2021-05-25 18:59:41,612 [Worker-42: Launching DinicsTest] WARN  o.e.m.c.i.embedder.EclipseLogger - Using platform encoding (Cp1252 actually) to copy filtered resources, i.e. build is platform dependent!
2021-05-25 18:59:41,613 [Worker-42: Launching DinicsTest] INFO  o.e.m.c.i.embedder.EclipseLogger - Copying 0 resource
2021-05-25 19:13:26,731 [Worker-43: Launching QLearning] WARN  o.e.m.c.i.embedder.EclipseLogger - Using platform encoding (Cp1252 actually) to copy filtered resources, i.e. build is platform dependent!
2021-05-25 19:13:26,733 [Worker-43: Launching QLearning] INFO  o.e.m.c.i.embedder.EclipseLogger - Copying 0 resource
2021-05-25 19:13:26,735 [Worker-43: Launching QLearning] WARN  o.e.m.c.i.embedder.EclipseLogger - Using platform encoding (Cp1252 actually) to copy filtered resources, i.e. build is platform dependent!
2021-05-25 19:13:26,737 [Worker-43: Launching QLearning] INFO  o.e.m.c.i.embedder.EclipseLogger - Copying 0 resource
2021-05-25 19:13:45,720 [Worker-45: Building] WARN  o.e.m.c.i.embedder.EclipseLogger - Using platform encoding (Cp1252 actually) to copy filtered resources, i.e. build is platform dependent!
2021-05-25 19:13:45,722 [Worker-45: Building] INFO  o.e.m.c.i.embedder.EclipseLogger - Copying 0 resource
2021-05-25 19:13:45,723 [Worker-45: Building] WARN  o.e.m.c.i.embedder.EclipseLogger - Using platform encoding (Cp1252 actually) to copy filtered resources, i.e. build is platform dependent!
2021-05-25 19:13:45,724 [Worker-45: Building] INFO  o.e.m.c.i.embedder.EclipseLogger - Copying 0 resource
2021-05-25 19:34:58,595 [Worker-43: Launching homework] WARN  o.e.m.c.i.embedder.EclipseLogger - Using platform encoding (Cp1252 actually) to copy filtered resources, i.e. build is platform dependent!
2021-05-25 19:34:58,597 [Worker-43: Launching homework] INFO  o.e.m.c.i.embedder.EclipseLogger - Copying 0 resource
2021-05-25 19:34:58,599 [Worker-43: Launching homework] WARN  o.e.m.c.i.embedder.EclipseLogger - Using platform encoding (Cp1252 actually) to copy filtered resources, i.e. build is platform dependent!
2021-05-25 19:34:58,601 [Worker-43: Launching homework] INFO  o.e.m.c.i.embedder.EclipseLogger - Copying 0 resource
2021-05-25 19:36:11,638 [Worker-53: Launching homework] WARN  o.e.m.c.i.embedder.EclipseLogger - Using platform encoding (Cp1252 actually) to copy filtered resources, i.e. build is platform dependent!
2021-05-25 19:36:11,640 [Worker-53: Launching homework] INFO  o.e.m.c.i.embedder.EclipseLogger - Copying 0 resource
2021-05-25 19:36:11,641 [Worker-53: Launching homework] WARN  o.e.m.c.i.embedder.EclipseLogger - Using platform encoding (Cp1252 actually) to copy filtered resources, i.e. build is platform dependent!
2021-05-25 19:36:11,642 [Worker-53: Launching homework] INFO  o.e.m.c.i.embedder.EclipseLogger - Copying 0 resource
2021-05-25 19:37:19,807 [Worker-57: Launching homework] WARN  o.e.m.c.i.embedder.EclipseLogger - Using platform encoding (Cp1252 actually) to copy filtered resources, i.e. build is platform dependent!
2021-05-25 19:37:19,808 [Worker-57: Launching homework] INFO  o.e.m.c.i.embedder.EclipseLogger - Copying 0 resource
2021-05-25 19:37:19,810 [Worker-57: Launching homework] WARN  o.e.m.c.i.embedder.EclipseLogger - Using platform encoding (Cp1252 actually) to copy filtered resources, i.e. build is platform dependent!
2021-05-25 19:37:19,811 [Worker-57: Launching homework] INFO  o.e.m.c.i.embedder.EclipseLogger - Copying 0 resource
2021-05-25 19:40:34,296 [Worker-53: Launching homework] WARN  o.e.m.c.i.embedder.EclipseLogger - Using platform encoding (Cp1252 actually) to copy filtered resources, i.e. build is platform dependent!
2021-05-25 19:40:34,297 [Worker-53: Launching homework] INFO  o.e.m.c.i.embedder.EclipseLogger - Copying 0 resource
2021-05-25 19:40:34,298 [Worker-53: Launching homework] WARN  o.e.m.c.i.embedder.EclipseLogger - Using platform encoding (Cp1252 actually) to copy filtered resources, i.e. build is platform dependent!
2021-05-25 19:40:34,299 [Worker-53: Launching homework] INFO  o.e.m.c.i.embedder.EclipseLogger - Copying 0 resource
2021-05-25 19:43:20,170 [Worker-62: Launching homework] WARN  o.e.m.c.i.embedder.EclipseLogger - Using platform encoding (Cp1252 actually) to copy filtered resources, i.e. build is platform dependent!
2021-05-25 19:43:20,171 [Worker-62: Launching homework] INFO  o.e.m.c.i.embedder.EclipseLogger - Copying 0 resource
2021-05-25 19:43:20,172 [Worker-62: Launching homework] WARN  o.e.m.c.i.embedder.EclipseLogger - Using platform encoding (Cp1252 actually) to copy filtered resources, i.e. build is platform dependent!
2021-05-25 19:43:20,173 [Worker-62: Launching homework] INFO  o.e.m.c.i.embedder.EclipseLogger - Copying 0 resource
2021-05-25 19:43:59,948 [Worker-64: Launching FordFulkerson] WARN  o.e.m.c.i.embedder.EclipseLogger - Using platform encoding (Cp1252 actually) to copy filtered resources, i.e. build is platform dependent!
2021-05-25 19:43:59,948 [Worker-64: Launching FordFulkerson] INFO  o.e.m.c.i.embedder.EclipseLogger - Copying 0 resource
2021-05-25 19:43:59,949 [Worker-64: Launching FordFulkerson] WARN  o.e.m.c.i.embedder.EclipseLogger - Using platform encoding (Cp1252 actually) to copy filtered resources, i.e. build is platform dependent!
2021-05-25 19:43:59,950 [Worker-64: Launching FordFulkerson] INFO  o.e.m.c.i.embedder.EclipseLogger - Copying 0 resource
2021-05-25 19:49:56,986 [Worker-62: Launching FordFulkerson] WARN  o.e.m.c.i.embedder.EclipseLogger - Using platform encoding (Cp1252 actually) to copy filtered resources, i.e. build is platform dependent!
2021-05-25 19:49:56,987 [Worker-62: Launching FordFulkerson] INFO  o.e.m.c.i.embedder.EclipseLogger - Copying 0 resource
2021-05-25 19:49:56,989 [Worker-62: Launching FordFulkerson] WARN  o.e.m.c.i.embedder.EclipseLogger - Using platform encoding (Cp1252 actually) to copy filtered resources, i.e. build is platform dependent!
2021-05-25 19:49:56,990 [Worker-62: Launching FordFulkerson] INFO  o.e.m.c.i.embedder.EclipseLogger - Copying 0 resource
2021-05-25 19:50:22,176 [Worker-62: Launching FordFulkersonTest] WARN  o.e.m.c.i.embedder.EclipseLogger - Using platform encoding (Cp1252 actually) to copy filtered resources, i.e. build is platform dependent!
2021-05-25 19:50:22,177 [Worker-62: Launching FordFulkersonTest] INFO  o.e.m.c.i.embedder.EclipseLogger - Copying 0 resource
2021-05-25 19:50:22,178 [Worker-62: Launching FordFulkersonTest] WARN  o.e.m.c.i.embedder.EclipseLogger - Using platform encoding (Cp1252 actually) to copy filtered resources, i.e. build is platform dependent!
2021-05-25 19:50:22,180 [Worker-62: Launching FordFulkersonTest] INFO  o.e.m.c.i.embedder.EclipseLogger - Copying 0 resource
2021-05-25 19:51:07,493 [Worker-70: Launching FordFulkersonTest] WARN  o.e.m.c.i.embedder.EclipseLogger - Using platform encoding (Cp1252 actually) to copy filtered resources, i.e. build is platform dependent!
2021-05-25 19:51:07,494 [Worker-70: Launching FordFulkersonTest] INFO  o.e.m.c.i.embedder.EclipseLogger - Copying 0 resource
2021-05-25 19:51:07,495 [Worker-70: Launching FordFulkersonTest] WARN  o.e.m.c.i.embedder.EclipseLogger - Using platform encoding (Cp1252 actually) to copy filtered resources, i.e. build is platform dependent!
2021-05-25 19:51:07,496 [Worker-70: Launching FordFulkersonTest] INFO  o.e.m.c.i.embedder.EclipseLogger - Copying 0 resource
2021-05-25 19:57:47,181 [Worker-71: Launching homework] WARN  o.e.m.c.i.embedder.EclipseLogger - Using platform encoding (Cp1252 actually) to copy filtered resources, i.e. build is platform dependent!
2021-05-25 19:57:47,182 [Worker-71: Launching homework] INFO  o.e.m.c.i.embedder.EclipseLogger - Copying 0 resource
2021-05-25 19:57:47,183 [Worker-71: Launching homework] WARN  o.e.m.c.i.embedder.EclipseLogger - Using platform encoding (Cp1252 actually) to copy filtered resources, i.e. build is platform dependent!
2021-05-25 19:57:47,184 [Worker-71: Launching homework] INFO  o.e.m.c.i.embedder.EclipseLogger - Copying 0 resource
2021-05-25 19:58:50,338 [Worker-76: Launching FordFulkersonTest] WARN  o.e.m.c.i.embedder.EclipseLogger - Using platform encoding (Cp1252 actually) to copy filtered resources, i.e. build is platform dependent!
2021-05-25 19:58:50,339 [Worker-76: Launching FordFulkersonTest] INFO  o.e.m.c.i.embedder.EclipseLogger - Copying 0 resource
2021-05-25 19:58:50,341 [Worker-76: Launching FordFulkersonTest] WARN  o.e.m.c.i.embedder.EclipseLogger - Using platform encoding (Cp1252 actually) to copy filtered resources, i.e. build is platform dependent!
2021-05-25 19:58:50,342 [Worker-76: Launching FordFulkersonTest] INFO  o.e.m.c.i.embedder.EclipseLogger - Copying 0 resource
2021-05-25 19:59:02,212 [Worker-75: Launching homework] WARN  o.e.m.c.i.embedder.EclipseLogger - Using platform encoding (Cp1252 actually) to copy filtered resources, i.e. build is platform dependent!
2021-05-25 19:59:02,213 [Worker-75: Launching homework] INFO  o.e.m.c.i.embedder.EclipseLogger - Copying 0 resource
2021-05-25 19:59:02,214 [Worker-75: Launching homework] WARN  o.e.m.c.i.embedder.EclipseLogger - Using platform encoding (Cp1252 actually) to copy filtered resources, i.e. build is platform dependent!
2021-05-25 19:59:02,215 [Worker-75: Launching homework] INFO  o.e.m.c.i.embedder.EclipseLogger - Copying 0 resource
2021-05-25 20:20:07,855 [Worker-80: Launching homework] WARN  o.e.m.c.i.embedder.EclipseLogger - Using platform encoding (Cp1252 actually) to copy filtered resources, i.e. build is platform dependent!
2021-05-25 20:20:07,856 [Worker-80: Launching homework] INFO  o.e.m.c.i.embedder.EclipseLogger - Copying 0 resource
2021-05-25 20:20:07,857 [Worker-80: Launching homework] WARN  o.e.m.c.i.embedder.EclipseLogger - Using platform encoding (Cp1252 actually) to copy filtered resources, i.e. build is platform dependent!
2021-05-25 20:20:07,857 [Worker-80: Launching homework] INFO  o.e.m.c.i.embedder.EclipseLogger - Copying 0 resource
2021-05-25 20:20:41,012 [Worker-80: Launching homework] WARN  o.e.m.c.i.embedder.EclipseLogger - Using platform encoding (Cp1252 actually) to copy filtered resources, i.e. build is platform dependent!
2021-05-25 20:20:41,014 [Worker-80: Launching homework] INFO  o.e.m.c.i.embedder.EclipseLogger - Copying 0 resource
2021-05-25 20:20:41,015 [Worker-80: Launching homework] WARN  o.e.m.c.i.embedder.EclipseLogger - Using platform encoding (Cp1252 actually) to copy filtered resources, i.e. build is platform dependent!
2021-05-25 20:20:41,016 [Worker-80: Launching homework] INFO  o.e.m.c.i.embedder.EclipseLogger - Copying 0 resource
2021-05-25 20:42:36,372 [Worker-3: Loading available Gradle versions] INFO  o.e.b.c.i.u.g.PublishedGradleVersions - Gradle version information cache is up-to-date. Trying to read.
2021-05-25 20:42:53,078 [Worker-0: Building] WARN  o.e.m.c.i.embedder.EclipseLogger - Using platform encoding (Cp1252 actually) to copy filtered resources, i.e. build is platform dependent!
2021-05-25 20:42:53,081 [Worker-0: Building] INFO  o.e.m.c.i.embedder.EclipseLogger - Copying 0 resource
2021-05-25 20:42:53,083 [Worker-0: Building] WARN  o.e.m.c.i.embedder.EclipseLogger - Using platform encoding (Cp1252 actually) to copy filtered resources, i.e. build is platform dependent!
2021-05-25 20:42:53,083 [Worker-0: Building] INFO  o.e.m.c.i.embedder.EclipseLogger - Copying 0 resource
2021-05-25 20:43:20,688 [Worker-26: Launching QLearning] WARN  o.e.m.c.i.embedder.EclipseLogger - Using platform encoding (Cp1252 actually) to copy filtered resources, i.e. build is platform dependent!
2021-05-25 20:43:20,691 [Worker-26: Launching QLearning] INFO  o.e.m.c.i.embedder.EclipseLogger - Copying 0 resource
2021-05-25 20:43:20,692 [Worker-26: Launching QLearning] WARN  o.e.m.c.i.embedder.EclipseLogger - Using platform encoding (Cp1252 actually) to copy filtered resources, i.e. build is platform dependent!
2021-05-25 20:43:20,693 [Worker-26: Launching QLearning] INFO  o.e.m.c.i.embedder.EclipseLogger - Copying 0 resource
2021-05-25 20:44:01,663 [Worker-22: Launching QLearning] WARN  o.e.m.c.i.embedder.EclipseLogger - Using platform encoding (Cp1252 actually) to copy filtered resources, i.e. build is platform dependent!
2021-05-25 20:44:01,666 [Worker-22: Launching QLearning] INFO  o.e.m.c.i.embedder.EclipseLogger - Copying 0 resource
2021-05-25 20:44:01,667 [Worker-22: Launching QLearning] WARN  o.e.m.c.i.embedder.EclipseLogger - Using platform encoding (Cp1252 actually) to copy filtered resources, i.e. build is platform dependent!
2021-05-25 20:44:01,669 [Worker-22: Launching QLearning] INFO  o.e.m.c.i.embedder.EclipseLogger - Copying 0 resource
2021-05-25 20:44:14,723 [Worker-12: Building] WARN  o.e.m.c.i.embedder.EclipseLogger - Using platform encoding (Cp1252 actually) to copy filtered resources, i.e. build is platform dependent!
2021-05-25 20:44:14,725 [Worker-12: Building] INFO  o.e.m.c.i.embedder.EclipseLogger - Copying 0 resource
2021-05-25 20:44:14,727 [Worker-12: Building] WARN  o.e.m.c.i.embedder.EclipseLogger - Using platform encoding (Cp1252 actually) to copy filtered resources, i.e. build is platform dependent!
2021-05-25 20:44:14,729 [Worker-12: Building] INFO  o.e.m.c.i.embedder.EclipseLogger - Copying 0 resource
2021-05-26 16:28:07,144 [Worker-3: Loading available Gradle versions] INFO  o.e.b.c.i.u.g.PublishedGradleVersions - Gradle version information cache is out-of-date. Trying to update.
2021-05-26 16:28:09,376 [Worker-8: Building] WARN  o.e.m.c.i.embedder.EclipseLogger - Using platform encoding (Cp1252 actually) to copy filtered resources, i.e. build is platform dependent!
2021-05-26 16:28:09,381 [Worker-8: Building] INFO  o.e.m.c.i.embedder.EclipseLogger - Copying 0 resource
2021-05-26 16:28:09,384 [Worker-8: Building] WARN  o.e.m.c.i.embedder.EclipseLogger - Using platform encoding (Cp1252 actually) to copy filtered resources, i.e. build is platform dependent!
2021-05-26 16:28:09,386 [Worker-8: Building] INFO  o.e.m.c.i.embedder.EclipseLogger - Copying 0 resource
2021-05-26 16:28:50,038 [Worker-2: Building] WARN  o.e.m.c.i.embedder.EclipseLogger - Using platform encoding (Cp1252 actually) to copy filtered resources, i.e. build is platform dependent!
2021-05-26 16:28:50,047 [Worker-2: Building] INFO  o.e.m.c.i.embedder.EclipseLogger - Copying 0 resource
2021-05-26 16:28:50,048 [Worker-2: Building] WARN  o.e.m.c.i.embedder.EclipseLogger - Using platform encoding (Cp1252 actually) to copy filtered resources, i.e. build is platform dependent!
2021-05-26 16:28:50,049 [Worker-2: Building] INFO  o.e.m.c.i.embedder.EclipseLogger - Copying 0 resource
2021-05-26 17:26:01,842 [Worker-42: Launching homework] WARN  o.e.m.c.i.embedder.EclipseLogger - Using platform encoding (Cp1252 actually) to copy filtered resources, i.e. build is platform dependent!
2021-05-26 17:26:01,844 [Worker-42: Launching homework] INFO  o.e.m.c.i.embedder.EclipseLogger - Copying 0 resource
2021-05-26 17:26:01,845 [Worker-42: Launching homework] WARN  o.e.m.c.i.embedder.EclipseLogger - Using platform encoding (Cp1252 actually) to copy filtered resources, i.e. build is platform dependent!
2021-05-26 17:26:01,846 [Worker-42: Launching homework] INFO  o.e.m.c.i.embedder.EclipseLogger - Copying 0 resource
2021-05-26 17:27:21,466 [Worker-42: Launching QLearning] WARN  o.e.m.c.i.embedder.EclipseLogger - Using platform encoding (Cp1252 actually) to copy filtered resources, i.e. build is platform dependent!
2021-05-26 17:27:21,467 [Worker-42: Launching QLearning] INFO  o.e.m.c.i.embedder.EclipseLogger - Copying 0 resource
2021-05-26 17:27:21,469 [Worker-42: Launching QLearning] WARN  o.e.m.c.i.embedder.EclipseLogger - Using platform encoding (Cp1252 actually) to copy filtered resources, i.e. build is platform dependent!
2021-05-26 17:27:21,470 [Worker-42: Launching QLearning] INFO  o.e.m.c.i.embedder.EclipseLogger - Copying 0 resource
2021-05-27 12:53:33,848 [Worker-2: Loading available Gradle versions] INFO  o.e.b.c.i.u.g.PublishedGradleVersions - Gradle version information cache is up-to-date. Trying to read.
2021-05-27 13:02:32,162 [Worker-17: Launching QLearning] WARN  o.e.m.c.i.embedder.EclipseLogger - Using platform encoding (Cp1252 actually) to copy filtered resources, i.e. build is platform dependent!
2021-05-27 13:02:32,168 [Worker-17: Launching QLearning] INFO  o.e.m.c.i.embedder.EclipseLogger - Copying 0 resource
2021-05-27 13:02:32,170 [Worker-17: Launching QLearning] WARN  o.e.m.c.i.embedder.EclipseLogger - Using platform encoding (Cp1252 actually) to copy filtered resources, i.e. build is platform dependent!
2021-05-27 13:02:32,171 [Worker-17: Launching QLearning] INFO  o.e.m.c.i.embedder.EclipseLogger - Copying 0 resource
2021-05-27 13:03:50,579 [Worker-31: Launching QLearning] WARN  o.e.m.c.i.embedder.EclipseLogger - Using platform encoding (Cp1252 actually) to copy filtered resources, i.e. build is platform dependent!
2021-05-27 13:03:50,586 [Worker-31: Launching QLearning] INFO  o.e.m.c.i.embedder.EclipseLogger - Copying 0 resource
2021-05-27 13:03:50,590 [Worker-31: Launching QLearning] WARN  o.e.m.c.i.embedder.EclipseLogger - Using platform encoding (Cp1252 actually) to copy filtered resources, i.e. build is platform dependent!
2021-05-27 13:03:50,591 [Worker-31: Launching QLearning] INFO  o.e.m.c.i.embedder.EclipseLogger - Copying 0 resource
2021-05-27 13:09:58,492 [Worker-32: Launching QLearning] WARN  o.e.m.c.i.embedder.EclipseLogger - Using platform encoding (Cp1252 actually) to copy filtered resources, i.e. build is platform dependent!
2021-05-27 13:09:58,494 [Worker-32: Launching QLearning] INFO  o.e.m.c.i.embedder.EclipseLogger - Copying 0 resource
2021-05-27 13:09:58,495 [Worker-32: Launching QLearning] WARN  o.e.m.c.i.embedder.EclipseLogger - Using platform encoding (Cp1252 actually) to copy filtered resources, i.e. build is platform dependent!
2021-05-27 13:09:58,497 [Worker-32: Launching QLearning] INFO  o.e.m.c.i.embedder.EclipseLogger - Copying 0 resource
2021-05-27 13:36:02,894 [Worker-44: Launching QLearning] WARN  o.e.m.c.i.embedder.EclipseLogger - Using platform encoding (Cp1252 actually) to copy filtered resources, i.e. build is platform dependent!
2021-05-27 13:36:02,896 [Worker-44: Launching QLearning] INFO  o.e.m.c.i.embedder.EclipseLogger - Copying 0 resource
2021-05-27 13:36:02,899 [Worker-44: Launching QLearning] WARN  o.e.m.c.i.embedder.EclipseLogger - Using platform encoding (Cp1252 actually) to copy filtered resources, i.e. build is platform dependent!
2021-05-27 13:36:02,901 [Worker-44: Launching QLearning] INFO  o.e.m.c.i.embedder.EclipseLogger - Copying 0 resource
2021-05-27 13:36:52,252 [Worker-45: Launching QLearning] WARN  o.e.m.c.i.embedder.EclipseLogger - Using platform encoding (Cp1252 actually) to copy filtered resources, i.e. build is platform dependent!
2021-05-27 13:36:52,254 [Worker-45: Launching QLearning] INFO  o.e.m.c.i.embedder.EclipseLogger - Copying 0 resource
2021-05-27 13:36:52,256 [Worker-45: Launching QLearning] WARN  o.e.m.c.i.embedder.EclipseLogger - Using platform encoding (Cp1252 actually) to copy filtered resources, i.e. build is platform dependent!
2021-05-27 13:36:52,258 [Worker-45: Launching QLearning] INFO  o.e.m.c.i.embedder.EclipseLogger - Copying 0 resource
2021-05-27 13:46:44,017 [Worker-49: Building] WARN  o.e.m.c.i.embedder.EclipseLogger - Using platform encoding (Cp1252 actually) to copy filtered resources, i.e. build is platform dependent!
2021-05-27 13:46:44,019 [Worker-49: Building] INFO  o.e.m.c.i.embedder.EclipseLogger - Copying 0 resource
2021-05-27 13:46:44,021 [Worker-49: Building] WARN  o.e.m.c.i.embedder.EclipseLogger - Using platform encoding (Cp1252 actually) to copy filtered resources, i.e. build is platform dependent!
2021-05-27 13:46:44,022 [Worker-49: Building] INFO  o.e.m.c.i.embedder.EclipseLogger - Copying 0 resource
2021-05-27 13:52:02,414 [Worker-3: Loading available Gradle versions] INFO  o.e.b.c.i.u.g.PublishedGradleVersions - Gradle version information cache is up-to-date. Trying to read.
2021-05-27 13:52:53,667 [main] INFO  o.e.m2e.actions.ExecutePomAction - Creating new launch configuration
2021-05-27 14:01:32,261 [Worker-15: Building] WARN  o.e.m.c.i.embedder.EclipseLogger - Using platform encoding (Cp1252 actually) to copy filtered resources, i.e. build is platform dependent!
2021-05-27 14:01:32,273 [Worker-15: Building] INFO  o.e.m.c.i.embedder.EclipseLogger - Copying 0 resource
2021-05-27 14:01:32,275 [Worker-15: Building] WARN  o.e.m.c.i.embedder.EclipseLogger - Using platform encoding (Cp1252 actually) to copy filtered resources, i.e. build is platform dependent!
2021-05-27 14:01:32,275 [Worker-15: Building] INFO  o.e.m.c.i.embedder.EclipseLogger - Copying 0 resource
2021-05-27 14:04:05,075 [Worker-17: Updating Maven Project] INFO  o.e.m.c.i.p.ProjectConfigurationManager - Update started
2021-05-27 14:04:05,615 [Worker-17: Updating Maven Project] INFO  o.e.m.c.i.l.LifecycleMappingFactory - Using org.eclipse.m2e.jdt.JarLifecycleMapping lifecycle mapping for MavenProject: homework:homework:0.0.1-SNAPSHOT @ C:\Users\Hasan\Desktop\homework\pom.xml.
2021-05-27 14:04:05,775 [Worker-17: Updating Maven Project] INFO  o.e.m.j.i.AbstractJavaProjectConfigurator - Adding source folder /homework/src/main/java
2021-05-27 14:04:05,776 [Worker-17: Updating Maven Project] INFO  o.e.m.j.i.AbstractJavaProjectConfigurator - Adding resource folder /homework/src/main/resources
2021-05-27 14:04:05,776 [Worker-17: Updating Maven Project] INFO  o.e.m.j.i.AbstractJavaProjectConfigurator - Adding source folder /homework/src/test/java
2021-05-27 14:04:05,776 [Worker-17: Updating Maven Project] INFO  o.e.m.j.i.AbstractJavaProjectConfigurator - Adding resource folder /homework/src/test/resources
2021-05-27 14:04:05,878 [Worker-17: Updating Maven Project] INFO  o.e.m.c.i.p.ProjectConfigurationManager - Update completed: 0 sec
2021-05-27 14:04:06,085 [Worker-29: Building] WARN  o.e.m.c.i.embedder.EclipseLogger - Using platform encoding (Cp1252 actually) to copy filtered resources, i.e. build is platform dependent!
2021-05-27 14:04:06,087 [Worker-29: Building] INFO  o.e.m.c.i.embedder.EclipseLogger - Copying 0 resource
2021-05-27 14:04:06,089 [Worker-29: Building] WARN  o.e.m.c.i.embedder.EclipseLogger - Using platform encoding (Cp1252 actually) to copy filtered resources, i.e. build is platform dependent!
2021-05-27 14:04:06,090 [Worker-29: Building] INFO  o.e.m.c.i.embedder.EclipseLogger - Copying 0 resource
2021-05-27 14:04:31,384 [Worker-29: Launching Executing install in C__Users_Hasan_Desktop_homework] INFO  o.e.m.i.launch.MavenLaunchDelegate - C:\Users\Hasan\Desktop\homework
2021-05-27 14:04:31,385 [Worker-29: Launching Executing install in C__Users_Hasan_Desktop_homework] INFO  o.e.m.i.launch.MavenLaunchDelegate -  mvn -B install
2021-05-27 14:04:35,154 [Worker-31: Building] WARN  o.e.m.c.i.embedder.EclipseLogger - Using platform encoding (Cp1252 actually) to copy filtered resources, i.e. build is platform dependent!
2021-05-27 14:04:35,159 [Worker-31: Building] INFO  o.e.m.c.i.embedder.EclipseLogger - Copying 0 resource
2021-05-27 14:04:35,162 [Worker-31: Building] WARN  o.e.m.c.i.embedder.EclipseLogger - Using platform encoding (Cp1252 actually) to copy filtered resources, i.e. build is platform dependent!
2021-05-27 14:04:35,165 [Worker-31: Building] INFO  o.e.m.c.i.embedder.EclipseLogger - Copying 0 resource
2021-05-27 14:08:32,557 [Worker-34: Building] WARN  o.e.m.c.i.embedder.EclipseLogger - Using platform encoding (Cp1252 actually) to copy filtered resources, i.e. build is platform dependent!
2021-05-27 14:08:32,558 [Worker-34: Building] INFO  o.e.m.c.i.embedder.EclipseLogger - Copying 0 resource
2021-05-27 14:08:32,560 [Worker-34: Building] WARN  o.e.m.c.i.embedder.EclipseLogger - Using platform encoding (Cp1252 actually) to copy filtered resources, i.e. build is platform dependent!
2021-05-27 14:08:32,561 [Worker-34: Building] INFO  o.e.m.c.i.embedder.EclipseLogger - Copying 0 resource
2021-05-27 14:08:47,266 [Worker-34: Launching Executing install in C__Users_Hasan_Desktop_homework] INFO  o.e.m.i.launch.MavenLaunchDelegate - C:\Users\Hasan\Desktop\homework
2021-05-27 14:08:47,267 [Worker-34: Launching Executing install in C__Users_Hasan_Desktop_homework] INFO  o.e.m.i.launch.MavenLaunchDelegate -  mvn -B install
2021-05-27 14:08:49,118 [Worker-34: Building] WARN  o.e.m.c.i.embedder.EclipseLogger - Using platform encoding (Cp1252 actually) to copy filtered resources, i.e. build is platform dependent!
2021-05-27 14:08:49,121 [Worker-34: Building] INFO  o.e.m.c.i.embedder.EclipseLogger - Copying 0 resource
2021-05-27 14:08:49,125 [Worker-34: Building] WARN  o.e.m.c.i.embedder.EclipseLogger - Using platform encoding (Cp1252 actually) to copy filtered resources, i.e. build is platform dependent!
2021-05-27 14:08:49,127 [Worker-34: Building] INFO  o.e.m.c.i.embedder.EclipseLogger - Copying 0 resource
2021-05-27 14:14:32,972 [Worker-39: Updating Maven Project] INFO  o.e.m.c.i.p.ProjectConfigurationManager - Update started
2021-05-27 14:14:33,269 [Worker-39: Updating Maven Project] INFO  o.e.m.c.i.l.LifecycleMappingFactory - Using org.eclipse.m2e.jdt.JarLifecycleMapping lifecycle mapping for MavenProject: homework:homework:0.0.1-SNAPSHOT @ C:\Users\Hasan\Desktop\homework\pom.xml.
2021-05-27 14:14:33,391 [Worker-39: Updating Maven Project] INFO  o.e.m.j.i.AbstractJavaProjectConfigurator - Adding source folder /homework/src/main/java
2021-05-27 14:14:33,391 [Worker-39: Updating Maven Project] INFO  o.e.m.j.i.AbstractJavaProjectConfigurator - Adding resource folder /homework/src/main/resources
2021-05-27 14:14:33,391 [Worker-39: Updating Maven Project] INFO  o.e.m.j.i.AbstractJavaProjectConfigurator - Adding source folder /homework/src/test/java
2021-05-27 14:14:33,392 [Worker-39: Updating Maven Project] INFO  o.e.m.j.i.AbstractJavaProjectConfigurator - Adding resource folder /homework/src/test/resources
2021-05-27 14:14:33,436 [Worker-39: Updating Maven Project] INFO  o.e.m.c.i.p.ProjectConfigurationManager - Update completed: 0 sec
2021-05-27 14:14:33,601 [Worker-40: Building] WARN  o.e.m.c.i.embedder.EclipseLogger - Using platform encoding (Cp1252 actually) to copy filtered resources, i.e. build is platform dependent!
2021-05-27 14:14:33,602 [Worker-40: Building] INFO  o.e.m.c.i.embedder.EclipseLogger - Copying 0 resource
2021-05-27 14:14:33,603 [Worker-40: Building] WARN  o.e.m.c.i.embedder.EclipseLogger - Using platform encoding (Cp1252 actually) to copy filtered resources, i.e. build is platform dependent!
2021-05-27 14:14:33,604 [Worker-40: Building] INFO  o.e.m.c.i.embedder.EclipseLogger - Copying 0 resource
2021-05-27 14:14:58,671 [Worker-29: Launching Executing install in C__Users_Hasan_Desktop_homework] INFO  o.e.m.i.launch.MavenLaunchDelegate - C:\Users\Hasan\Desktop\homework
2021-05-27 14:14:58,671 [Worker-29: Launching Executing install in C__Users_Hasan_Desktop_homework] INFO  o.e.m.i.launch.MavenLaunchDelegate -  mvn -B install
2021-05-27 14:15:06,912 [Worker-38: Building] WARN  o.e.m.c.i.embedder.EclipseLogger - Using platform encoding (Cp1252 actually) to copy filtered resources, i.e. build is platform dependent!
2021-05-27 14:15:06,917 [Worker-38: Building] INFO  o.e.m.c.i.embedder.EclipseLogger - Copying 0 resource
2021-05-27 14:15:06,920 [Worker-38: Building] WARN  o.e.m.c.i.embedder.EclipseLogger - Using platform encoding (Cp1252 actually) to copy filtered resources, i.e. build is platform dependent!
2021-05-27 14:15:06,922 [Worker-38: Building] INFO  o.e.m.c.i.embedder.EclipseLogger - Copying 0 resource
2021-05-27 14:22:49,957 [Worker-29: Updating Maven Project] INFO  o.e.m.c.i.p.ProjectConfigurationManager - Update started
2021-05-27 14:22:50,206 [Worker-29: Updating Maven Project] INFO  o.e.m.c.i.l.LifecycleMappingFactory - Using org.eclipse.m2e.jdt.JarLifecycleMapping lifecycle mapping for MavenProject: homework:homework:0.0.1-SNAPSHOT @ C:\Users\Hasan\Desktop\homework\pom.xml.
2021-05-27 14:22:50,309 [Worker-29: Updating Maven Project] INFO  o.e.m.j.i.AbstractJavaProjectConfigurator - Adding source folder /homework/src/main/java
2021-05-27 14:22:50,309 [Worker-29: Updating Maven Project] INFO  o.e.m.j.i.AbstractJavaProjectConfigurator - Adding resource folder /homework/src/main/resources
2021-05-27 14:22:50,310 [Worker-29: Updating Maven Project] INFO  o.e.m.j.i.AbstractJavaProjectConfigurator - Adding source folder /homework/src/test/java
2021-05-27 14:22:50,310 [Worker-29: Updating Maven Project] INFO  o.e.m.j.i.AbstractJavaProjectConfigurator - Adding resource folder /homework/src/test/resources
2021-05-27 14:22:50,345 [Worker-29: Updating Maven Project] INFO  o.e.m.c.i.p.ProjectConfigurationManager - Update completed: 0 sec
2021-05-27 14:22:50,540 [Worker-41: Building] WARN  o.e.m.c.i.embedder.EclipseLogger - Using platform encoding (Cp1252 actually) to copy filtered resources, i.e. build is platform dependent!
2021-05-27 14:22:50,541 [Worker-41: Building] INFO  o.e.m.c.i.embedder.EclipseLogger - Copying 0 resource
2021-05-27 14:22:50,543 [Worker-41: Building] WARN  o.e.m.c.i.embedder.EclipseLogger - Using platform encoding (Cp1252 actually) to copy filtered resources, i.e. build is platform dependent!
2021-05-27 14:22:50,543 [Worker-41: Building] INFO  o.e.m.c.i.embedder.EclipseLogger - Copying 0 resource
2021-05-27 14:23:19,722 [Worker-29: Launching QLearning] INFO  o.e.m.c.i.l.LifecycleMappingFactory - Using org.eclipse.m2e.jdt.JarLifecycleMapping lifecycle mapping for MavenProject: homework:homework:0.0.1-SNAPSHOT @ C:\Users\Hasan\Desktop\homework\pom.xml.
2021-05-27 14:23:19,829 [Worker-29: Launching QLearning] WARN  o.e.m.c.i.embedder.EclipseLogger - Using platform encoding (Cp1252 actually) to copy filtered resources, i.e. build is platform dependent!
2021-05-27 14:23:19,830 [Worker-29: Launching QLearning] INFO  o.e.m.c.i.embedder.EclipseLogger - Copying 0 resource
2021-05-27 14:23:19,831 [Worker-29: Launching QLearning] WARN  o.e.m.c.i.embedder.EclipseLogger - Using platform encoding (Cp1252 actually) to copy filtered resources, i.e. build is platform dependent!
2021-05-27 14:23:19,831 [Worker-29: Launching QLearning] INFO  o.e.m.c.i.embedder.EclipseLogger - Copying 0 resource
2021-05-27 14:23:46,377 [main] INFO  o.e.m2e.actions.ExecutePomAction - Using existing launch configuration
2021-05-27 14:25:33,639 [Worker-3: Loading available Gradle versions] INFO  o.e.b.c.i.u.g.PublishedGradleVersions - Gradle version information cache is up-to-date. Trying to read.
2021-05-27 18:53:03,578 [Worker-3: Loading available Gradle versions] INFO  o.e.b.c.i.u.g.PublishedGradleVersions - Gradle version information cache is out-of-date. Trying to update.
2021-05-27 18:54:40,057 [Worker-4: Building] WARN  o.e.m.c.i.embedder.EclipseLogger - Using platform encoding (Cp1252 actually) to copy filtered resources, i.e. build is platform dependent!
2021-05-27 18:54:40,069 [Worker-4: Building] INFO  o.e.m.c.i.embedder.EclipseLogger - Copying 0 resource
2021-05-27 18:54:40,072 [Worker-4: Building] WARN  o.e.m.c.i.embedder.EclipseLogger - Using platform encoding (Cp1252 actually) to copy filtered resources, i.e. build is platform dependent!
2021-05-27 18:54:40,074 [Worker-4: Building] INFO  o.e.m.c.i.embedder.EclipseLogger - Copying 0 resource
2021-05-27 19:17:08,031 [Worker-31: Launching QLearning] WARN  o.e.m.c.i.embedder.EclipseLogger - Using platform encoding (Cp1252 actually) to copy filtered resources, i.e. build is platform dependent!
2021-05-27 19:17:08,035 [Worker-31: Launching QLearning] INFO  o.e.m.c.i.embedder.EclipseLogger - Copying 0 resource
2021-05-27 19:17:08,038 [Worker-31: Launching QLearning] WARN  o.e.m.c.i.embedder.EclipseLogger - Using platform encoding (Cp1252 actually) to copy filtered resources, i.e. build is platform dependent!
2021-05-27 19:17:08,064 [Worker-31: Launching QLearning] INFO  o.e.m.c.i.embedder.EclipseLogger - Copying 0 resource
2021-05-27 19:21:02,017 [Worker-15: Launching QLearning] WARN  o.e.m.c.i.embedder.EclipseLogger - Using platform encoding (Cp1252 actually) to copy filtered resources, i.e. build is platform dependent!
2021-05-27 19:21:02,018 [Worker-15: Launching QLearning] INFO  o.e.m.c.i.embedder.EclipseLogger - Copying 0 resource
2021-05-27 19:21:02,020 [Worker-15: Launching QLearning] WARN  o.e.m.c.i.embedder.EclipseLogger - Using platform encoding (Cp1252 actually) to copy filtered resources, i.e. build is platform dependent!
2021-05-27 19:21:02,021 [Worker-15: Launching QLearning] INFO  o.e.m.c.i.embedder.EclipseLogger - Copying 0 resource
2021-05-27 19:23:25,336 [Worker-31: Launching QLearning] WARN  o.e.m.c.i.embedder.EclipseLogger - Using platform encoding (Cp1252 actually) to copy filtered resources, i.e. build is platform dependent!
2021-05-27 19:23:25,337 [Worker-31: Launching QLearning] INFO  o.e.m.c.i.embedder.EclipseLogger - Copying 0 resource
2021-05-27 19:23:25,339 [Worker-31: Launching QLearning] WARN  o.e.m.c.i.embedder.EclipseLogger - Using platform encoding (Cp1252 actually) to copy filtered resources, i.e. build is platform dependent!
2021-05-27 19:23:25,339 [Worker-31: Launching QLearning] INFO  o.e.m.c.i.embedder.EclipseLogger - Copying 0 resource
2021-05-27 23:38:54,786 [Worker-4: Loading available Gradle versions] INFO  o.e.b.c.i.u.g.PublishedGradleVersions - Gradle version information cache is up-to-date. Trying to read.
2021-05-27 23:41:55,815 [Worker-9: Launching QLearning] WARN  o.e.m.c.i.embedder.EclipseLogger - Using platform encoding (Cp1252 actually) to copy filtered resources, i.e. build is platform dependent!
2021-05-27 23:41:55,820 [Worker-9: Launching QLearning] INFO  o.e.m.c.i.embedder.EclipseLogger - Copying 0 resource
2021-05-27 23:41:55,823 [Worker-9: Launching QLearning] WARN  o.e.m.c.i.embedder.EclipseLogger - Using platform encoding (Cp1252 actually) to copy filtered resources, i.e. build is platform dependent!
2021-05-27 23:41:55,824 [Worker-9: Launching QLearning] INFO  o.e.m.c.i.embedder.EclipseLogger - Copying 0 resource
2021-05-27 23:52:34,000 [Worker-34: Launching QLearning] WARN  o.e.m.c.i.embedder.EclipseLogger - Using platform encoding (Cp1252 actually) to copy filtered resources, i.e. build is platform dependent!
2021-05-27 23:52:34,005 [Worker-34: Launching QLearning] INFO  o.e.m.c.i.embedder.EclipseLogger - Copying 0 resource
2021-05-27 23:52:34,007 [Worker-34: Launching QLearning] WARN  o.e.m.c.i.embedder.EclipseLogger - Using platform encoding (Cp1252 actually) to copy filtered resources, i.e. build is platform dependent!
2021-05-27 23:52:34,009 [Worker-34: Launching QLearning] INFO  o.e.m.c.i.embedder.EclipseLogger - Copying 0 resource
2021-05-27 23:57:02,739 [Worker-29: Building] WARN  o.e.m.c.i.embedder.EclipseLogger - Using platform encoding (Cp1252 actually) to copy filtered resources, i.e. build is platform dependent!
2021-05-27 23:57:02,744 [Worker-29: Building] INFO  o.e.m.c.i.embedder.EclipseLogger - Copying 0 resource
2021-05-27 23:57:02,746 [Worker-29: Building] WARN  o.e.m.c.i.embedder.EclipseLogger - Using platform encoding (Cp1252 actually) to copy filtered resources, i.e. build is platform dependent!
2021-05-27 23:57:02,748 [Worker-29: Building] INFO  o.e.m.c.i.embedder.EclipseLogger - Copying 0 resource
2021-05-27 23:57:17,285 [Worker-36: Building] WARN  o.e.m.c.i.embedder.EclipseLogger - Using platform encoding (Cp1252 actually) to copy filtered resources, i.e. build is platform dependent!
2021-05-27 23:57:17,286 [Worker-36: Building] INFO  o.e.m.c.i.embedder.EclipseLogger - Copying 0 resource
2021-05-27 23:57:17,288 [Worker-36: Building] WARN  o.e.m.c.i.embedder.EclipseLogger - Using platform encoding (Cp1252 actually) to copy filtered resources, i.e. build is platform dependent!
2021-05-27 23:57:17,289 [Worker-36: Building] INFO  o.e.m.c.i.embedder.EclipseLogger - Copying 0 resource
2021-05-28 00:02:42,409 [Worker-42: Launching QLearning] WARN  o.e.m.c.i.embedder.EclipseLogger - Using platform encoding (Cp1252 actually) to copy filtered resources, i.e. build is platform dependent!
2021-05-28 00:02:42,411 [Worker-42: Launching QLearning] INFO  o.e.m.c.i.embedder.EclipseLogger - Copying 0 resource
2021-05-28 00:02:42,413 [Worker-42: Launching QLearning] WARN  o.e.m.c.i.embedder.EclipseLogger - Using platform encoding (Cp1252 actually) to copy filtered resources, i.e. build is platform dependent!
2021-05-28 00:02:42,414 [Worker-42: Launching QLearning] INFO  o.e.m.c.i.embedder.EclipseLogger - Copying 0 resource
2021-05-28 00:16:04,503 [Worker-44: Launching QLearningTest] WARN  o.e.m.c.i.embedder.EclipseLogger - Using platform encoding (Cp1252 actually) to copy filtered resources, i.e. build is platform dependent!
2021-05-28 00:16:04,505 [Worker-44: Launching QLearningTest] INFO  o.e.m.c.i.embedder.EclipseLogger - Copying 0 resource
2021-05-28 00:16:04,507 [Worker-44: Launching QLearningTest] WARN  o.e.m.c.i.embedder.EclipseLogger - Using platform encoding (Cp1252 actually) to copy filtered resources, i.e. build is platform dependent!
2021-05-28 00:16:04,508 [Worker-44: Launching QLearningTest] INFO  o.e.m.c.i.embedder.EclipseLogger - Copying 0 resource
2021-05-28 00:16:37,393 [Worker-48: Launching QLearningTest] WARN  o.e.m.c.i.embedder.EclipseLogger - Using platform encoding (Cp1252 actually) to copy filtered resources, i.e. build is platform dependent!
2021-05-28 00:16:37,394 [Worker-48: Launching QLearningTest] INFO  o.e.m.c.i.embedder.EclipseLogger - Copying 0 resource
2021-05-28 00:16:37,396 [Worker-48: Launching QLearningTest] WARN  o.e.m.c.i.embedder.EclipseLogger - Using platform encoding (Cp1252 actually) to copy filtered resources, i.e. build is platform dependent!
2021-05-28 00:16:37,398 [Worker-48: Launching QLearningTest] INFO  o.e.m.c.i.embedder.EclipseLogger - Copying 0 resource
2021-05-28 00:16:52,467 [Worker-50: Launching QLearningTest] WARN  o.e.m.c.i.embedder.EclipseLogger - Using platform encoding (Cp1252 actually) to copy filtered resources, i.e. build is platform dependent!
2021-05-28 00:16:52,468 [Worker-50: Launching QLearningTest] INFO  o.e.m.c.i.embedder.EclipseLogger - Copying 0 resource
2021-05-28 00:16:52,471 [Worker-50: Launching QLearningTest] WARN  o.e.m.c.i.embedder.EclipseLogger - Using platform encoding (Cp1252 actually) to copy filtered resources, i.e. build is platform dependent!
2021-05-28 00:16:52,474 [Worker-50: Launching QLearningTest] INFO  o.e.m.c.i.embedder.EclipseLogger - Copying 0 resource
2021-05-28 00:27:50,580 [Worker-44: Launching Dinics] WARN  o.e.m.c.i.embedder.EclipseLogger - Using platform encoding (Cp1252 actually) to copy filtered resources, i.e. build is platform dependent!
2021-05-28 00:27:50,582 [Worker-44: Launching Dinics] INFO  o.e.m.c.i.embedder.EclipseLogger - Copying 0 resource
2021-05-28 00:27:50,583 [Worker-44: Launching Dinics] WARN  o.e.m.c.i.embedder.EclipseLogger - Using platform encoding (Cp1252 actually) to copy filtered resources, i.e. build is platform dependent!
2021-05-28 00:27:50,585 [Worker-44: Launching Dinics] INFO  o.e.m.c.i.embedder.EclipseLogger - Copying 0 resource
2021-05-28 00:30:46,124 [Worker-55: Launching QLearning] WARN  o.e.m.c.i.embedder.EclipseLogger - Using platform encoding (Cp1252 actually) to copy filtered resources, i.e. build is platform dependent!
2021-05-28 00:30:46,126 [Worker-55: Launching QLearning] INFO  o.e.m.c.i.embedder.EclipseLogger - Copying 0 resource
2021-05-28 00:30:46,127 [Worker-55: Launching QLearning] WARN  o.e.m.c.i.embedder.EclipseLogger - Using platform encoding (Cp1252 actually) to copy filtered resources, i.e. build is platform dependent!
2021-05-28 00:30:46,129 [Worker-55: Launching QLearning] INFO  o.e.m.c.i.embedder.EclipseLogger - Copying 0 resource
2021-05-28 00:31:08,313 [Worker-4: Loading available Gradle versions] INFO  o.e.b.c.i.u.g.PublishedGradleVersions - Gradle version information cache is up-to-date. Trying to read.
